INFO:werkzeug:[31m[1mWARNING: This is a development server. Do not use it in a production deployment. Use a production WSGI server instead.[0m
 * Running on all addresses (0.0.0.0)
 * Running on http://127.0.0.1:10000
 * Running on http://172.31.0.4:10000
INFO:werkzeug:[33mPress CTRL+C to quit[0m
INFO:service:a2eb6908-9c46-4855-a8af-50fb603322d1
ERROR:mainloop:Exception on /question [POST]
Traceback (most recent call last):
  File "/usr/local/lib/python3.9/site-packages/flask/app.py", line 2528, in wsgi_app
    response = self.full_dispatch_request()
  File "/usr/local/lib/python3.9/site-packages/flask/app.py", line 1825, in full_dispatch_request
    rv = self.handle_user_exception(e)
  File "/usr/local/lib/python3.9/site-packages/flask/app.py", line 1823, in full_dispatch_request
    rv = self.dispatch_request()
  File "/usr/local/lib/python3.9/site-packages/flask/app.py", line 1799, in dispatch_request
    return self.ensure_sync(self.view_functions[rule.endpoint])(**view_args)
  File "/app/src/mainloop.py", line 61, in QuestionHandler
    return Question('uuid',
  File "/app/src/handlers/question.py", line 25, in Question
    cur.execute(DB.get_prepared('select_question'),
TypeError: not all arguments converted during string formatting
INFO:werkzeug:192.168.65.1 - - [08/Dec/2023 17:01:43] "[35m[1mPOST /question?failed=true&completed=true HTTP/1.1[0m" 500 -
